2024-10-08T17:05:29.946014Z $PSXN,23,-0.14,0.73,128.07,-0.02*37
2024-10-08T17:05:30.179344Z $PSXN,23,-0.14,0.73,128.07,-0.02*37
2024-10-08T17:05:30.942940Z $PSXN,23,-0.15,0.72,128.06,-0.02*36
2024-10-08T17:05:31.176280Z $PSXN,23,-0.16,0.72,128.05,-0.02*36
2024-10-08T17:05:31.943419Z $PSXN,23,-0.10,0.70,127.99,0.01*16
2024-10-08T17:05:32.176772Z $PSXN,23,-0.09,0.70,127.99,0.01*1E
2024-10-08T17:05:32.945575Z $PSXN,23,-0.08,0.70,127.98,0.01*1E
2024-10-08T17:05:33.179003Z $PSXN,23,-0.07,0.71,127.98,0.01*10
2024-10-08T17:05:33.943362Z $PSXN,23,-0.07,0.72,127.97,0.01*1C
2024-10-08T17:05:34.176709Z $PSXN,23,-0.07,0.72,127.97,0.01*1C
2024-10-08T17:05:34.945511Z $PSXN,23,-0.08,0.71,127.96,0.01*11
2024-10-08T17:05:35.178853Z $PSXN,23,-0.10,0.71,127.96,0.01*18
2024-10-08T17:05:35.945582Z $PSXN,23,-0.12,0.71,127.96,0.01*1A
2024-10-08T17:05:36.178931Z $PSXN,23,-0.14,0.71,127.96,0.01*1C
2024-10-08T17:05:36.943146Z $PSXN,23,-0.16,0.72,127.96,0.01*1D
2024-10-08T17:05:37.176495Z $PSXN,23,-0.17,0.72,127.96,0.01*1C
2024-10-08T17:05:37.945095Z $PSXN,23,-0.17,0.71,127.95,0.01*1C
2024-10-08T17:05:38.178437Z $PSXN,23,-0.16,0.71,127.95,0.01*1D
2024-10-08T17:05:38.945371Z $PSXN,23,-0.15,0.72,127.95,0.01*1D
2024-10-08T17:05:39.174555Z $PSXN,23,-0.14,0.72,127.94,0.01*1D
2024-10-08T17:05:39.942944Z $PSXN,23,-0.13,0.73,127.94,0.00*1A
2024-10-08T17:05:40.176290Z $PSXN,23,-0.13,0.74,127.94,0.00*1D
2024-10-08T17:05:40.947996Z $PSXN,23,-0.13,0.74,127.93,-0.00*37
2024-10-08T17:05:41.181357Z $PSXN,23,-0.14,0.73,127.93,-0.00*37
2024-10-08T17:05:41.942870Z $PSXN,23,-0.14,0.72,127.93,-0.00*36
2024-10-08T17:05:42.176270Z $PSXN,23,-0.15,0.71,127.92,-0.00*35
2024-10-08T17:05:42.948354Z $PSXN,23,-0.15,0.71,127.92,0.00*18
2024-10-08T17:05:43.181702Z $PSXN,23,-0.15,0.71,127.91,0.00*1B
2024-10-08T17:05:43.944467Z $PSXN,23,-0.14,0.71,127.91,0.00*1A
2024-10-08T17:05:44.177814Z $PSXN,23,-0.13,0.72,127.91,0.00*1E
2024-10-08T17:05:44.944330Z $PSXN,23,-0.12,0.72,127.91,0.00*1F
2024-10-08T17:05:45.177681Z $PSXN,23,-0.10,0.72,127.92,0.00*1E
2024-10-08T17:05:45.944189Z $PSXN,23,-0.09,0.72,127.92,0.00*16
2024-10-08T17:05:46.177537Z $PSXN,23,-0.08,0.72,127.91,0.00*14
2024-10-08T17:05:46.948217Z $PSXN,23,-0.07,0.72,127.91,0.01*1A
2024-10-08T17:05:47.181564Z $PSXN,23,-0.06,0.71,127.90,0.01*19
2024-10-08T17:05:47.943914Z $PSXN,23,-0.07,0.71,127.90,0.02*1B
2024-10-08T17:05:48.177265Z $PSXN,23,-0.08,0.71,127.90,0.02*14
2024-10-08T17:05:48.943985Z $PSXN,23,-0.08,0.72,127.90,0.02*17
2024-10-08T17:05:49.177333Z $PSXN,23,-0.09,0.72,127.89,0.02*1E
2024-10-08T17:05:49.946345Z $PSXN,23,-0.10,0.72,127.88,0.02*17
2024-10-08T17:05:50.179690Z $PSXN,23,-0.12,0.72,127.87,0.02*1A
2024-10-08T17:05:50.943918Z $PSXN,23,-0.14,0.72,127.87,0.02*1C
2024-10-08T17:05:51.173098Z $PSXN,23,-0.15,0.72,127.86,0.01*1F
2024-10-08T17:05:51.947319Z $PSXN,23,-0.17,0.71,127.86,0.01*1E
2024-10-08T17:05:52.176502Z $PSXN,23,-0.17,0.71,127.85,0.01*1D
2024-10-08T17:35:12.201407Z $PSXN,23,-0.16,0.71,127.84,0.01*1D
2024-10-08T17:35:12.966457Z $PSXN,23,-0.15,0.71,127.82,0.01*18
2024-10-08T17:35:13.199801Z $PSXN,23,-0.14,0.72,127.81,0.01*19
2024-10-08T17:35:13.966524Z $PSXN,23,-0.14,0.72,127.81,0.01*19
2024-10-08T17:35:14.199872Z $PSXN,23,-0.13,0.72,127.80,0.00*1E
2024-10-08T17:35:14.968461Z $PSXN,23,-0.14,0.72,127.80,-0.00*34
2024-10-08T17:35:15.201809Z $PSXN,23,-0.14,0.72,127.79,-0.00*32
2024-10-08T17:35:15.967913Z $PSXN,23,-0.14,0.72,127.78,-0.00*33
2024-10-08T17:35:16.201264Z $PSXN,23,-0.14,0.71,127.77,-0.00*3F
2024-10-08T17:35:16.966109Z $PSXN,23,-0.14,0.71,127.77,-0.00*3F
2024-10-08T17:35:17.199454Z $PSXN,23,-0.13,0.70,127.76,0.00*15
2024-10-08T17:35:17.966174Z $PSXN,23,-0.11,0.70,127.75,0.01*15
2024-10-08T17:35:18.199520Z $PSXN,23,-0.09,0.71,127.75,0.01*1D
2024-10-08T17:35:18.968534Z $PSXN,23,-0.07,0.71,127.74,0.01*12
2024-10-08T17:35:19.193606Z $PSXN,23,-0.05,0.71,127.74,0.01*10
2024-10-08T17:35:19.967979Z $PSXN,23,-0.04,0.72,127.74,0.01*12
2024-10-08T17:35:20.197159Z $PSXN,23,-0.03,0.72,127.74,0.00*14
2024-10-08T17:35:20.966588Z $PSXN,23,-0.02,0.72,127.75,0.00*14
2024-10-08T17:35:21.195775Z $PSXN,23,-0.02,0.72,127.75,0.00*14
2024-10-08T17:35:21.966661Z $PSXN,23,-0.02,0.71,127.76,0.01*15
2024-10-08T17:35:22.195841Z $PSXN,23,-0.03,0.71,127.76,0.01*14