2024-10-07T20:05:16.77Z 01,     -8, ,   10.0, ,    0.0, , 4815.0
2024-10-07T20:05:17.77Z 01,     -8, ,   10.0, ,    0.0, , 4815.0
2024-10-07T20:05:18.77Z 01,     -8, ,   10.0, ,    0.0, , 4815.0
2024-10-07T20:05:19.77Z 01,     -8, ,   10.0, ,    0.0, , 4815.0
2024-10-07T20:05:20.77Z 01,     -8, ,   10.0, ,    0.0, , 4815.0
2024-10-07T20:05:21.77Z 01,     -8, ,   10.0, ,    0.0, , 4815.0
2024-10-07T20:05:22.77Z 01,     -8, ,   10.0, ,    0.0, , 4815.0
2024-10-07T20:05:23.77Z 01,     -8, ,   10.0, ,    0.0, , 4815.0
2024-10-07T20:05:24.77Z 01,     -8, ,   10.0, ,    0.0, , 4815.0
2024-10-07T20:05:25.77Z 01,     -8, ,   10.0, ,    0.0, , 4815.0
2024-10-07T20:05:26.77Z 01,     -8, ,   10.0, ,    0.0, , 4815.0
2024-10-07T20:05:27.77Z 01,     -8, ,   10.0, ,    0.0, , 4815.0
2024-10-07T20:05:28.77Z 01,     -8, ,   10.0, ,    0.0, , 4815.0
2024-10-07T20:05:29.77Z 01,     -8, ,   10.0, ,    0.0, , 4815.0
2024-10-07T20:05:30.77Z 01,     -8, ,   10.0, ,    0.0, , 4815.0
2024-10-07T20:05:31.77Z 01,     -8, ,   10.0, ,    0.0, , 4815.0
2024-10-07T20:05:32.77Z 01,     -8, ,   10.0, ,    0.0, , 4815.0
2024-10-07T20:05:33.77Z 01,     -8, ,   10.0, ,    0.0, , 4815.0
2024-10-07T20:05:34.77Z 01,     -8, ,   10.0, ,    0.0, , 4815.0
2024-10-07T20:05:35.77Z 01,     -8, ,   10.0, ,    0.0, , 4815.0
2024-10-07T20:05:36.77Z 01,     -8, ,   10.0, ,    0.0, , 4815.0
2024-10-07T20:05:37.77Z 01,     -8, ,   10.0, ,    0.0, , 4815.0
2024-10-07T20:05:38.77Z 01,     -8, ,   10.0, ,    0.0, , 4815.0
2024-10-07T20:05:39.77Z 01,     -8, ,   10.0, ,    0.0, , 4815.0
2024-10-07T20:05:40.77Z 01,     -8, ,   10.0, ,    0.0, , 4815.0
2024-10-07T20:05:41.77Z 01,     -8, ,   10.0, ,    0.0, , 4815.0
2024-10-07T20:05:42.77Z 01,     -8, ,   10.0, ,    0.0, , 4815.0
2024-10-07T20:05:43.77Z 01,     -8, ,   10.0, ,    0.0, , 4815.0
2024-10-07T20:05:44.77Z 01,     -8, ,   10.0, ,    0.0, , 4815.0
2024-10-07T20:05:45.77Z 01,     -8, ,   10.0, ,    0.0, , 4815.0
2024-10-07T20:05:46.77Z 01,     -8, ,   10.0, ,    0.0, , 4815.0
2024-10-07T20:05:47.77Z 01,     -8, ,   10.0, ,    0.0, , 4815.0
2024-10-07T20:05:48.76Z 01,     -8, ,   10.0, ,    0.0, , 4815.0
2024-10-07T20:05:49.76Z 01,     -8, ,   10.0, ,    0.0, , 4815.0
2024-10-07T20:05:50.76Z 01,     -8, ,   10.0, ,    0.0, , 4815.0
2024-10-07T20:05:51.76Z 01,     -8, ,   10.0, ,    0.0, , 4815.0
2024-10-07T20:05:52.76Z 01,     -8, ,   10.0, ,    0.0, , 4815.0
2024-10-07T20:05:53.76Z 01,     -8, ,   10.0, ,    0.0, , 4815.0
2024-10-07T20:05:54.76Z 01,     -8, ,   10.0, ,    0.0, , 4815.0
2024-10-07T20:05:55.76Z 01,     -8, ,   10.0, ,    0.0, , 4815.0
2024-10-07T20:05:56.76Z 01,     -8, ,   10.0, ,    0.0, , 4815.0
2024-10-07T20:05:57.76Z 01,     -8, ,   10.0, ,    0.0, , 4815.0
2024-10-07T20:05:58.76Z 01,     -8, ,   10.0, ,    0.0, , 4815.0
2024-10-07T20:05:59.76Z 01,     -8, ,   10.0, ,    0.0, , 4815.0
2024-10-07T20:06:00.76Z 01,     -8, ,   10.0, ,    0.0, , 4815.0
2024-10-07T20:06:01.76Z 01,     -8, ,   10.0, ,    0.0, , 4815.0
2024-10-07T20:06:02.76Z 01,     -8, ,   10.0, ,    0.0, , 4815.0